<?xml version="1.0" encoding="UTF-8"?>
<!-- Generated by org.testng.reporters.JUnitXMLReporter -->
<testsuite hostname="EPBYMINW2457" name="DivDoubleTest" tests="4" failures="1" timestamp="11 Apr 2018 08:23:25 GMT" time="4.033" errors="0">
  <testcase name="divDoubleTest" time="1.016" classname="com.epam.tat.module4.test.DivDoubleTest"/>
  <testcase name="divDoubleTest" time="1.015" classname="com.epam.tat.module4.test.DivDoubleTest"/>
  <testcase name="divDoubleTest" time="1.001" classname="com.epam.tat.module4.test.DivDoubleTest"/>
  <testcase name="zeroDivisionTest" time="1.001" classname="com.epam.tat.module4.test.DivDoubleTest">
    <failure type="org.testng.TestException" message="
Method DivDoubleTest.zeroDivisionTest()[pri:0, instance:com.epam.tat.module4.test.DivDoubleTest@4cdbe50f] should have thrown an exception of type class java.lang.NumberFormatException">
      <![CDATA[org.testng.TestException: 
Method DivDoubleTest.zeroDivisionTest()[pri:0, instance:com.epam.tat.module4.test.DivDoubleTest@4cdbe50f] should have thrown an exception of type class java.lang.NumberFormatException
	at java.util.concurrent.FutureTask.run(FutureTask.java:266)
	at java.util.concurrent.ThreadPoolExecutor.runWorker(ThreadPoolExecutor.java:1149)
	at java.util.concurrent.ThreadPoolExecutor$Worker.run(ThreadPoolExecutor.java:624)
	at java.lang.Thread.run(Thread.java:748)
... Removed 13 stack frames]]>
    </failure>
  </testcase> <!-- zeroDivisionTest -->
</testsuite> <!-- DivDoubleTest -->
