<?xml version="1.0" encoding="UTF-8"?>
<!-- Generated by org.testng.reporters.JUnitXMLReporter -->
<testsuite hostname="EPBYMINW2457" name="PositiveNegativeTest" tests="2" failures="0" timestamp="11 Apr 2018 08:23:25 GMT" time="2.002" errors="0">
  <testcase name="isNegativeTest" time="1.001" classname="com.epam.tat.module4.test.PositiveNegativeTest"/>
  <testcase name="isPositiveTest" time="1.001" classname="com.epam.tat.module4.test.PositiveNegativeTest"/>
</testsuite> <!-- PositiveNegativeTest -->
