<?xml version="1.0" encoding="UTF-8"?>
<!-- Generated by org.testng.reporters.JUnitXMLReporter -->
<testsuite hostname="EPBYMINW2457" name="SumDoubleTest" tests="3" failures="0" timestamp="11 Apr 2018 08:23:20 GMT" time="3.016" errors="0">
  <testcase name="sumDoubleTest" time="1.015" classname="com.epam.tat.module4.test.SumDoubleTest"/>
  <testcase name="sumDoubleTest" time="1.001" classname="com.epam.tat.module4.test.SumDoubleTest"/>
  <testcase name="sumDoubleTest" time="1.0" classname="com.epam.tat.module4.test.SumDoubleTest"/>
</testsuite> <!-- SumDoubleTest -->
