<?xml version="1.0" encoding="UTF-8"?>
<!-- Generated by org.testng.reporters.JUnitXMLReporter -->
<testsuite hostname="EPBYMINW2457" name="DivDoubleTest" tests="4" failures="1" timestamp="11 Apr 2018 08:23:14 GMT" time="4.045" errors="0">
  <testcase name="divDoubleTest" time="1.015" classname="com.epam.tat.module4.test.DivDoubleTest"/>
  <testcase name="divDoubleTest" time="1.015" classname="com.epam.tat.module4.test.DivDoubleTest"/>
  <testcase name="divDoubleTest" time="1.015" classname="com.epam.tat.module4.test.DivDoubleTest"/>
  <testcase name="zeroDivisionTest" time="1.0" classname="com.epam.tat.module4.test.DivDoubleTest">
    <failure type="org.testng.TestException" message="
Method DivDoubleTest.zeroDivisionTest()[pri:0, instance:com.epam.tat.module4.test.DivDoubleTest@3ecf72fd] should have thrown an exception of type class java.lang.NumberFormatException">
      <![CDATA[org.testng.TestException: 
Method DivDoubleTest.zeroDivisionTest()[pri:0, instance:com.epam.tat.module4.test.DivDoubleTest@3ecf72fd] should have thrown an exception of type class java.lang.NumberFormatException
	at com.epam.tat.module4.test.runner.TestRunner.main(TestRunner.java:40)
	at com.intellij.rt.execution.application.AppMain.main(AppMain.java:147)
... Removed 23 stack frames]]>
    </failure>
  </testcase> <!-- zeroDivisionTest -->
</testsuite> <!-- DivDoubleTest -->
