<?xml version="1.0" encoding="UTF-8"?>
<!-- Generated by org.testng.reporters.JUnitXMLReporter -->
<testsuite hostname="EPBYMINW2457" name="SubDoubleTest" tests="3" failures="0" timestamp="11 Apr 2018 08:23:04 GMT" time="3.016" errors="0">
  <testcase name="subTest" time="1.015" classname="com.epam.tat.module4.test.SubDoubleTest"/>
  <testcase name="subTest" time="1.0" classname="com.epam.tat.module4.test.SubDoubleTest"/>
  <testcase name="subTest" time="1.001" classname="com.epam.tat.module4.test.SubDoubleTest"/>
</testsuite> <!-- SubDoubleTest -->
