<?xml version="1.0" encoding="UTF-8"?>
<!-- Generated by org.testng.reporters.JUnitXMLReporter -->
<testsuite hostname="EPBYMINW2457" name="SumTest" tests="3" failures="0" timestamp="11 Apr 2018 08:22:52 GMT" time="3.073" errors="0">
  <testcase name="sumTest" time="1.03" classname="com.epam.tat.module4.test.SumTest"/>
  <testcase name="sumTest" time="1.002" classname="com.epam.tat.module4.test.SumTest"/>
  <testcase name="sumTest" time="1.0" classname="com.epam.tat.module4.test.SumTest"/>
</testsuite> <!-- SumTest -->
